----- HTTP Request Log -----
Schema: http
Host: localhost:5095
Path: /
QueryString: 
Request Body: 
------------------------------

----- HTTP Request Log -----
Schema: http
Host: localhost:5095
Path: /
QueryString: 
Request Body: 
------------------------------

----- HTTP Request Log -----
Schema: http
Host: localhost:5095
Path: /favicon.ico
QueryString: 
Request Body: 
------------------------------

----- HTTP Request Log -----
Schema: http
Host: localhost:5095
Path: /favicon.ico
QueryString: 
Request Body: 
------------------------------

----- HTTP Request Log -----
Schema: http
Host: localhost:5095
Path: /
QueryString: 
Request Body: 
------------------------------

----- HTTP Request Log -----
Schema: http
Host: localhost:5095
Path: /favicon.ico
QueryString: 
Request Body: 
------------------------------

-----HTTP Request Log-----
Schema: http
Host: localhost:5095
Path: /
QueryString: 
Request Body: 
------------------------------

-----HTTP Request Log-----
Schema: http
Host: localhost:5095
Path: /
QueryString: 
Request Body: 
------------------------------

-----HTTP Request Log-----
Schema: http
Host: localhost:5095
Path: /Path
QueryString: 
Request Body: 
------------------------------

-----HTTP Request Log-----
Schema: http
Host: localhost:5095
Path: /
QueryString: 
Request Body: 
------------------------------

